# JRE version: OpenJDK Runtime Environment (17.0.11) (build 17.0.11+0--11852314)
# Java VM: OpenJDK 64-Bit Server VM (17.0.11+0--11852314, mixed mode, tiered, compressed oops, compressed class ptrs, g1 gc, windows-amd64)
GC Precious Log:
 CPUs: 12 total, 12 available
 Memory: 15713M
 Large Page Support: Disabled
 NUMA Support: Disabled
 Compressed Oops: Enabled (32-bit)
 Heap Region Size: 1M
 Heap Min Capacity: 8M
 Heap Initial Capacity: 246M
 Heap Max Capacity: 2G
 Pre-touch: Disabled
 Parallel Workers: 10
 Concurrent Workers: 3
 Concurrent Refinement Workers: 10
 Periodic GC: Disabled
Heap:
 garbage-first heap   total 311296K, used 147288K [0x0000000080000000, 0x0000000100000000)
  region size 1024K, 10 young (10240K), 10 survivors (10240K)
 Metaspace       used 175539K, committed 176704K, reserved 1245184K
  class space    used 23618K, committed 24192K, reserved 1048576K
GC Heap History (20 events):
Event: 6273.898 GC heap after
{Heap after GC invocations=103 (full 1):
 garbage-first heap   total 306176K, used 144103K [0x0000000080000000, 0x0000000100000000)
  region size 1024K, 2 young (2048K), 2 survivors (2048K)
 Metaspace       used 173978K, committed 174912K, reserved 1245184K
  class space    used 23527K, committed 24000K, reserved 1048576K
}
Event: 6275.918 GC heap before
{Heap before GC invocations=103 (full 1):
 garbage-first heap   total 306176K, used 220903K [0x0000000080000000, 0x0000000100000000)
  region size 1024K, 78 young (79872K), 2 survivors (2048K)
 Metaspace       used 174367K, committed 175424K, reserved 1245184K
  class space    used 23558K, committed 24064K, reserved 1048576K
}
Event: 6275.922 GC heap after
{Heap after GC invocations=104 (full 1):
 garbage-first heap   total 306176K, used 150137K [0x0000000080000000, 0x0000000100000000)
  region size 1024K, 8 young (8192K), 8 survivors (8192K)
 Metaspace       used 174367K, committed 175424K, reserved 1245184K
  class space    used 23558K, committed 24064K, reserved 1048576K
}
Event: 6277.820 GC heap before
{Heap before GC invocations=105 (full 1):
 garbage-first heap   total 311296K, used 213625K [0x0000000080000000, 0x0000000100000000)
  region size 1024K, 84 young (86016K), 8 survivors (8192K)
 Metaspace       used 174716K, committed 175808K, reserved 1245184K
  class space    used 23591K, committed 24128K, reserved 1048576K
}
Event: 6277.824 GC heap after
{Heap after GC invocations=106 (full 1):
 garbage-first heap   total 311296K, used 139357K [0x0000000080000000, 0x0000000100000000)
  region size 1024K, 4 young (4096K), 4 survivors (4096K)
 Metaspace       used 174716K, committed 175808K, reserved 1245184K
  class space    used 23591K, committed 24128K, reserved 1048576K
}
Event: 6277.967 GC heap before
{Heap before GC invocations=106 (full 1):
 garbage-first heap   total 311296K, used 151645K [0x0000000080000000, 0x0000000100000000)
  region size 1024K, 15 young (15360K), 4 survivors (4096K)
 Metaspace       used 174731K, committed 175808K, reserved 1245184K
  class space    used 23593K, committed 24128K, reserved 1048576K
}
Event: 6277.970 GC heap after
{Heap after GC invocations=107 (full 1):
 garbage-first heap   total 311296K, used 138419K [0x0000000080000000, 0x0000000100000000)
  region size 1024K, 2 young (2048K), 2 survivors (2048K)
 Metaspace       used 174731K, committed 175808K, reserved 1245184K
  class space    used 23593K, committed 24128K, reserved 1048576K
}
Event: 6278.354 GC heap before
{Heap before GC invocations=107 (full 1):
 garbage-first heap   total 311296K, used 170163K [0x0000000080000000, 0x0000000100000000)
  region size 1024K, 34 young (34816K), 2 survivors (2048K)
 Metaspace       used 174911K, committed 176000K, reserved 1245184K
  class space    used 23595K, committed 24128K, reserved 1048576K
}
Event: 6278.357 GC heap after
{Heap after GC invocations=108 (full 1):
 garbage-first heap   total 311296K, used 142121K [0x0000000080000000, 0x0000000100000000)
  region size 1024K, 6 young (6144K), 6 survivors (6144K)
 Metaspace       used 174911K, committed 176000K, reserved 1245184K
  class space    used 23595K, committed 24128K, reserved 1048576K
}
Event: 6278.504 GC heap before
{Heap before GC invocations=109 (full 1):
 garbage-first heap   total 311296K, used 206633K [0x0000000080000000, 0x0000000100000000)
  region size 1024K, 73 young (74752K), 6 survivors (6144K)
 Metaspace       used 175057K, committed 176128K, reserved 1245184K
  class space    used 23602K, committed 24128K, reserved 1048576K
}
Event: 6278.510 GC heap after
{Heap after GC invocations=110 (full 1):
 garbage-first heap   total 311296K, used 143891K [0x0000000080000000, 0x0000000100000000)
  region size 1024K, 10 young (10240K), 10 survivors (10240K)
 Metaspace       used 175057K, committed 176128K, reserved 1245184K
  class space    used 23602K, committed 24128K, reserved 1048576K
}
Event: 6278.520 GC heap before
{Heap before GC invocations=110 (full 1):
 garbage-first heap   total 311296K, used 147987K [0x0000000080000000, 0x0000000100000000)
  region size 1024K, 15 young (15360K), 10 survivors (10240K)
 Metaspace       used 175057K, committed 176128K, reserved 1245184K
  class space    used 23602K, committed 24128K, reserved 1048576K
}
Event: 6278.524 GC heap after
{Heap after GC invocations=111 (full 1):
 garbage-first heap   total 311296K, used 142693K [0x0000000080000000, 0x0000000100000000)
  region size 1024K, 2 young (2048K), 2 survivors (2048K)
 Metaspace       used 175057K, committed 176128K, reserved 1245184K
  class space    used 23602K, committed 24128K, reserved 1048576K
}
Event: 6278.609 GC heap before
{Heap before GC invocations=111 (full 1):
 garbage-first heap   total 311296K, used 159077K [0x0000000080000000, 0x0000000100000000)
  region size 1024K, 20 young (20480K), 2 survivors (2048K)
 Metaspace       used 175077K, committed 176128K, reserved 1245184K
  class space    used 23602K, committed 24128K, reserved 1048576K
}
Event: 6278.611 GC heap after
{Heap after GC invocations=112 (full 1):
 garbage-first heap   total 311296K, used 143592K [0x0000000080000000, 0x0000000100000000)
  region size 1024K, 3 young (3072K), 3 survivors (3072K)
 Metaspace       used 175077K, committed 176128K, reserved 1245184K
  class space    used 23602K, committed 24128K, reserved 1048576K
}
Event: 6343.874 GC heap before
{Heap before GC invocations=113 (full 1):
 garbage-first heap   total 311296K, used 236776K [0x0000000080000000, 0x0000000100000000)
  region size 1024K, 79 young (80896K), 3 survivors (3072K)
 Metaspace       used 175242K, committed 176256K, reserved 1245184K
  class space    used 23610K, committed 24128K, reserved 1048576K
}
Event: 6343.877 GC heap after
{Heap after GC invocations=114 (full 1):
 garbage-first heap   total 311296K, used 144127K [0x0000000080000000, 0x0000000100000000)
  region size 1024K, 3 young (3072K), 3 survivors (3072K)
 Metaspace       used 175242K, committed 176256K, reserved 1245184K
  class space    used 23610K, committed 24128K, reserved 1048576K
}
Event: 6343.942 GC heap before
{Heap before GC invocations=114 (full 1):
 garbage-first heap   total 311296K, used 155391K [0x0000000080000000, 0x0000000100000000)
  region size 1024K, 15 young (15360K), 3 survivors (3072K)
 Metaspace       used 175261K, committed 176256K, reserved 1245184K
  class space    used 23610K, committed 24128K, reserved 1048576K
}
Event: 6343.944 GC heap after
{Heap after GC invocations=115 (full 1):
 garbage-first heap   total 311296K, used 139380K [0x0000000080000000, 0x0000000100000000)
  region size 1024K, 2 young (2048K), 2 survivors (2048K)
 Metaspace       used 175261K, committed 176256K, reserved 1245184K
  class space    used 23610K, committed 24128K, reserved 1048576K
}
Event: 6345.214 GC heap before
{Heap before GC invocations=115 (full 1):
 garbage-first heap   total 311296K, used 226420K [0x0000000080000000, 0x0000000100000000)
  region size 1024K, 87 young (89088K), 2 survivors (2048K)
 Metaspace       used 175539K, committed 176704K, reserved 1245184K
  class space    used 23618K, committed 24192K, reserved 1048576K
}

